ijkplayer-java/build/outputs/logs/manifest-merger-debug-report.txt
-- Merging decision tree log ---
manifest
ADDED from shizhong-Android/ijkplayer-java/AndroidManifest.xml:1:1-7:12
INJECTED from shizhong-Android/ijkplayer-java/AndroidManifest.xml:1:1-7:12
INJECTED from shizhong-Android/ijkplayer-java/AndroidManifest.xml:1:1-7:12
	package
		ADDED from shizhong-Android/ijkplayer-java/AndroidManifest.xml:2:5-42
		INJECTED from shizhong-Android/ijkplayer-java/AndroidManifest.xml
		INJECTED from shizhong-Android/ijkplayer-java/AndroidManifest.xml
	xmlns:android
		ADDED from shizhong-Android/ijkplayer-java/AndroidManifest.xml:1:11-69
uses-sdk
ADDED from shizhong-Android/ijkplayer-java/AndroidManifest.xml:4:5-5:37
	android:minSdkVersion
		ADDED from shizhong-Android/ijkplayer-java/AndroidManifest.xml:5:9-34